<?xml version="1.0" encoding="UTF-8"?>
<!-- Generated by org.testng.reporters.JUnitReportReporter -->
<testsuite hostname="MacBook-Air" failures="0" tests="1" name="com.pathology.test.PathologyLabtest" time="2.212" errors="0" timestamp="2023-10-30T12:23:48 IST" skipped="0">
  <testcase classname="com.pathology.test.PathologyLabtest" name="tes01login" time="2.212"/>
  <system-out/>
</testsuite> <!-- com.pathology.test.PathologyLabtest -->
