<?xml version="1.0" encoding="UTF-8"?>
<!-- Generated by org.testng.reporters.JUnitReportReporter -->
<testsuite hostname="MacBook-Air" failures="0" tests="4" name="com.pathology.test.PathologyLabMaintest" time="30.934" errors="0" timestamp="2023-10-31T19:45:47 IST" skipped="0">
  <testcase classname="com.pathology.test.PathologyLabMaintest" name="tes01login" time="3.646"/>
  <system-out/>
  <testcase classname="com.pathology.test.PathologyLabMaintest" name="test02Homepage" time="5.618"/>
  <system-out/>
  <testcase classname="com.pathology.test.PathologyLabMaintest" name="test03Calculator" time="1.512"/>
  <system-out/>
  <testcase classname="com.pathology.test.PathologyLabMaintest" name="test04Patient" time="20.158"/>
  <system-out/>
</testsuite> <!-- com.pathology.test.PathologyLabMaintest -->
